#
# There is insufficient memory for the Java Runtime Environment to continue.
# Native memory allocation (mmap) failed to map 4294967296 bytes for committing reserved memory.
# Possible reasons:
#   The system is out of physical RAM or swap space
#   The process is running with CompressedOops enabled, and the Java Heap may be blocking the growth of the native heap
# Possible solutions:
#   Reduce memory load on the system
#   Increase physical memory or swap space
#   Check if swap backing store is full
#   Decrease Java heap size (-Xmx/-Xms)
#   Decrease number of Java threads
#   Decrease Java thread stack sizes (-Xss)
#   Set larger code cache with -XX:ReservedCodeCacheSize=
# This output file may be truncated or incomplete.
#
#  Out of Memory Error (os_linux.cpp:2893), pid=7069, tid=7078
#
# JRE version:  (11.0.4+11) (build )
# Java VM: OpenJDK 64-Bit Server VM (11.0.4+11-post-Ubuntu-1ubuntu218.04.3, mixed mode, aot, sharing, tiered, compressed oops, g1 gc, linux-amd64)
# Core dump will be written. Default location: Core dumps may be processed with "/usr/share/apport/apport %p %s %c %d %P" (or dumping to /home/vampi/Desktop/Mini_Project/2019900004/2019900004_SRC/core.7069)
#

---------------  S U M M A R Y ------------

Command Line: -DentityExpansionLimit=2147480000 -DtotalEntitySizeLimit=2147480000 -Djdk.xml.totalEntitySizeLimit=2147480000 -Xms4096m -Xmx4096m -Dfile.encoding=UTF-8 com.iiith.wikisearch.WikiIndex /media/vampi/New Volume/enwiki-latest-pages-articles.xml /media/vampi/New Volume/index

Host: Intel(R) Pentium(R) CPU  N3710  @ 1.60GHz, 4 cores, 3G, Ubuntu 18.04.3 LTS
Time: Mon Sep  9 00:08:13 2019 IST elapsed time: 0 seconds (0d 0h 0m 0s)

---------------  T H R E A D  ---------------

Current thread (0x00007fba54012000):  JavaThread "Unknown thread" [_thread_in_vm, id=7078, stack(0x00007fba5d523000,0x00007fba5d624000)]

Stack: [0x00007fba5d523000,0x00007fba5d624000],  sp=0x00007fba5d6222c0,  free space=1020k
Native frames: (J=compiled Java code, A=aot compiled Java code, j=interpreted, Vv=VM code, C=native code)
V  [libjvm.so+0xde4547]
V  [libjvm.so+0xde519b]
V  [libjvm.so+0x6511a5]
V  [libjvm.so+0xbbed38]
V  [libjvm.so+0xbb5ebd]
V  [libjvm.so+0x76f53f]
V  [libjvm.so+0x76f7ae]
V  [libjvm.so+0x77b820]
V  [libjvm.so+0x7f6969]
V  [libjvm.so+0x7f75c2]
V  [libjvm.so+0x7f7a29]
V  [libjvm.so+0x72de6f]
V  [libjvm.so+0x72e55d]
V  [libjvm.so+0xd9ea32]
V  [libjvm.so+0xd9ecc6]
V  [libjvm.so+0x80f907]
V  [libjvm.so+0xd7d627]
V  [libjvm.so+0x8c8611]  JNI_CreateJavaVM+0x51
C  [libjli.so+0x4a66]
C  [libjli.so+0x92cd]


---------------  P R O C E S S  ---------------

Threads class SMR info:
_java_thread_list=0x000055b8dc02a180, length=0, elements={
}

Java Threads: ( => current thread )

Other Threads:
  0x00007fba54028000 GCTaskThread "GC Thread#0" [stack: 0x00007fba59516000,0x00007fba59616000] [id=7079]
  0x00007fba54048800 ConcurrentGCThread "G1 Main Marker" [stack: 0x00007fba58010000,0x00007fba58110000] [id=7080]
  0x00007fba5404a000 ConcurrentGCThread "G1 Conc#0" [stack: 0x00007fba3c056000,0x00007fba3c156000] [id=7081]

[error occurred during error reporting (printing all threads), id 0xb, SIGSEGV (0xb) at pc=0x00007fba5bb04040]

VM state:not at safepoint (not fully initialized)

VM Mutex/Monitor currently owned by a thread:  ([mutex/lock_event])
[0x00007fba5400e8a0] Heap_lock - owner thread: 0x00007fba54012000

Heap address: 0x0000000700000000, size: 4096 MB, Compressed Oops mode: Non-zero based: 0x0000000700000000
Narrow klass base: 0x0000000000000000, Narrow klass shift: 0

GC Heap History (0 events):
No events

Deoptimization events (0 events):
No events

Classes redefined (0 events):
No events

Internal exceptions (0 events):
No events

Events (0 events):
No events


Dynamic libraries:
55b8db3f3000-55b8db3f4000 r-xp 00000000 08:06 2498238                    /usr/lib/jvm/java-11-openjdk-amd64/bin/java
55b8db5f4000-55b8db5f5000 r--p 00001000 08:06 2498238                    /usr/lib/jvm/java-11-openjdk-amd64/bin/java
55b8db5f5000-55b8db5f6000 rw-p 00002000 08:06 2498238                    /usr/lib/jvm/java-11-openjdk-amd64/bin/java
55b8dc012000-55b8dc033000 rw-p 00000000 00:00 0                          [heap]
7fba25bfc000-7fba28000000 rw-p 00000000 00:00 0 
7fba28000000-7fba28021000 rw-p 00000000 00:00 0 
7fba28021000-7fba2c000000 ---p 00000000 00:00 0 
7fba2c000000-7fba2c021000 rw-p 00000000 00:00 0 
7fba2c021000-7fba38000000 ---p 00000000 00:00 0 
7fba38000000-7fba38021000 rw-p 00000000 00:00 0 
7fba38021000-7fba3c000000 ---p 00000000 00:00 0 
7fba3c054000-7fba3c055000 ---p 00000000 00:00 0 
7fba3c055000-7fba3c156000 rw-p 00000000 00:00 0 
7fba3c156000-7fba3c956000 ---p 00000000 00:00 0 
7fba3c956000-7fba3cbc6000 rwxp 00000000 00:00 0 
7fba3cbc6000-7fba3cee6000 ---p 00000000 00:00 0 
7fba3cee6000-7fba3d156000 rwxp 00000000 00:00 0 
7fba3d156000-7fba4441e000 ---p 00000000 00:00 0 
7fba4441e000-7fba4468e000 rwxp 00000000 00:00 0 
7fba4468e000-7fba4b956000 ---p 00000000 00:00 0 
7fba4b956000-7fba54000000 r--s 00000000 08:06 2498401                    /usr/lib/jvm/java-11-openjdk-amd64/lib/modules
7fba54000000-7fba54065000 rw-p 00000000 00:00 0 
7fba54065000-7fba58000000 ---p 00000000 00:00 0 
7fba5800e000-7fba5800f000 ---p 00000000 00:00 0 
7fba5800f000-7fba58110000 rw-p 00000000 00:00 0 
7fba58110000-7fba59110000 ---p 00000000 00:00 0 
7fba59110000-7fba59514000 rw-p 00000000 00:00 0 
7fba59514000-7fba59515000 ---p 00000000 00:00 0 
7fba59515000-7fba5961b000 rw-p 00000000 00:00 0 
7fba5961b000-7fba59701000 ---p 00000000 00:00 0 
7fba59701000-7fba59706000 rw-p 00000000 00:00 0 
7fba59706000-7fba597ec000 ---p 00000000 00:00 0 
7fba597ec000-7fba597f1000 r-xp 00000000 08:06 2498383                    /usr/lib/jvm/java-11-openjdk-amd64/lib/libjimage.so
7fba597f1000-7fba599f0000 ---p 00005000 08:06 2498383                    /usr/lib/jvm/java-11-openjdk-amd64/lib/libjimage.so
7fba599f0000-7fba599f1000 r--p 00004000 08:06 2498383                    /usr/lib/jvm/java-11-openjdk-amd64/lib/libjimage.so
7fba599f1000-7fba599f2000 rw-p 00005000 08:06 2498383                    /usr/lib/jvm/java-11-openjdk-amd64/lib/libjimage.so
7fba599f2000-7fba599f9000 r-xp 00000000 08:06 2498400                    /usr/lib/jvm/java-11-openjdk-amd64/lib/libzip.so
7fba599f9000-7fba59bf8000 ---p 00007000 08:06 2498400                    /usr/lib/jvm/java-11-openjdk-amd64/lib/libzip.so
7fba59bf8000-7fba59bf9000 r--p 00006000 08:06 2498400                    /usr/lib/jvm/java-11-openjdk-amd64/lib/libzip.so
7fba59bf9000-7fba59bfa000 rw-p 00007000 08:06 2498400                    /usr/lib/jvm/java-11-openjdk-amd64/lib/libzip.so
7fba59bfa000-7fba59c05000 r-xp 00000000 08:06 3937430                    /lib/x86_64-linux-gnu/libnss_files-2.27.so
7fba59c05000-7fba59e04000 ---p 0000b000 08:06 3937430                    /lib/x86_64-linux-gnu/libnss_files-2.27.so
7fba59e04000-7fba59e05000 r--p 0000a000 08:06 3937430                    /lib/x86_64-linux-gnu/libnss_files-2.27.so
7fba59e05000-7fba59e06000 rw-p 0000b000 08:06 3937430                    /lib/x86_64-linux-gnu/libnss_files-2.27.so
7fba59e06000-7fba59e0c000 rw-p 00000000 00:00 0 
7fba59e0c000-7fba59e23000 r-xp 00000000 08:06 3937424                    /lib/x86_64-linux-gnu/libnsl-2.27.so
7fba59e23000-7fba5a022000 ---p 00017000 08:06 3937424                    /lib/x86_64-linux-gnu/libnsl-2.27.so
7fba5a022000-7fba5a023000 r--p 00016000 08:06 3937424                    /lib/x86_64-linux-gnu/libnsl-2.27.so
7fba5a023000-7fba5a024000 rw-p 00017000 08:06 3937424                    /lib/x86_64-linux-gnu/libnsl-2.27.so
7fba5a024000-7fba5a026000 rw-p 00000000 00:00 0 
7fba5a026000-7fba5a031000 r-xp 00000000 08:06 3937441                    /lib/x86_64-linux-gnu/libnss_nis-2.27.so
7fba5a031000-7fba5a230000 ---p 0000b000 08:06 3937441                    /lib/x86_64-linux-gnu/libnss_nis-2.27.so
7fba5a230000-7fba5a231000 r--p 0000a000 08:06 3937441                    /lib/x86_64-linux-gnu/libnss_nis-2.27.so
7fba5a231000-7fba5a232000 rw-p 0000b000 08:06 3937441                    /lib/x86_64-linux-gnu/libnss_nis-2.27.so
7fba5a232000-7fba5a23a000 r-xp 00000000 08:06 3937426                    /lib/x86_64-linux-gnu/libnss_compat-2.27.so
7fba5a23a000-7fba5a43a000 ---p 00008000 08:06 3937426                    /lib/x86_64-linux-gnu/libnss_compat-2.27.so
7fba5a43a000-7fba5a43b000 r--p 00008000 08:06 3937426                    /lib/x86_64-linux-gnu/libnss_compat-2.27.so
7fba5a43b000-7fba5a43c000 rw-p 00009000 08:06 3937426                    /lib/x86_64-linux-gnu/libnss_compat-2.27.so
7fba5a43c000-7fba5a465000 r-xp 00000000 08:06 2498379                    /usr/lib/jvm/java-11-openjdk-amd64/lib/libjava.so
7fba5a465000-7fba5a664000 ---p 00029000 08:06 2498379                    /usr/lib/jvm/java-11-openjdk-amd64/lib/libjava.so
7fba5a664000-7fba5a665000 r--p 00028000 08:06 2498379                    /usr/lib/jvm/java-11-openjdk-amd64/lib/libjava.so
7fba5a665000-7fba5a667000 rw-p 00029000 08:06 2498379                    /usr/lib/jvm/java-11-openjdk-amd64/lib/libjava.so
7fba5a667000-7fba5a674000 r-xp 00000000 08:06 2498399                    /usr/lib/jvm/java-11-openjdk-amd64/lib/libverify.so
7fba5a674000-7fba5a873000 ---p 0000d000 08:06 2498399                    /usr/lib/jvm/java-11-openjdk-amd64/lib/libverify.so
7fba5a873000-7fba5a875000 r--p 0000c000 08:06 2498399                    /usr/lib/jvm/java-11-openjdk-amd64/lib/libverify.so
7fba5a875000-7fba5a876000 rw-p 0000e000 08:06 2498399                    /usr/lib/jvm/java-11-openjdk-amd64/lib/libverify.so
7fba5a876000-7fba5a87d000 r-xp 00000000 08:06 3937481                    /lib/x86_64-linux-gnu/librt-2.27.so
7fba5a87d000-7fba5aa7c000 ---p 00007000 08:06 3937481                    /lib/x86_64-linux-gnu/librt-2.27.so
7fba5aa7c000-7fba5aa7d000 r--p 00006000 08:06 3937481                    /lib/x86_64-linux-gnu/librt-2.27.so
7fba5aa7d000-7fba5aa7e000 rw-p 00007000 08:06 3937481                    /lib/x86_64-linux-gnu/librt-2.27.so
7fba5aa7e000-7fba5aa95000 r-xp 00000000 08:06 3937377                    /lib/x86_64-linux-gnu/libgcc_s.so.1
7fba5aa95000-7fba5ac94000 ---p 00017000 08:06 3937377                    /lib/x86_64-linux-gnu/libgcc_s.so.1
7fba5ac94000-7fba5ac95000 r--p 00016000 08:06 3937377                    /lib/x86_64-linux-gnu/libgcc_s.so.1
7fba5ac95000-7fba5ac96000 rw-p 00017000 08:06 3937377                    /lib/x86_64-linux-gnu/libgcc_s.so.1
7fba5ac96000-7fba5ae33000 r-xp 00000000 08:06 3937403                    /lib/x86_64-linux-gnu/libm-2.27.so
7fba5ae33000-7fba5b032000 ---p 0019d000 08:06 3937403                    /lib/x86_64-linux-gnu/libm-2.27.so
7fba5b032000-7fba5b033000 r--p 0019c000 08:06 3937403                    /lib/x86_64-linux-gnu/libm-2.27.so
7fba5b033000-7fba5b034000 rw-p 0019d000 08:06 3937403                    /lib/x86_64-linux-gnu/libm-2.27.so
7fba5b034000-7fba5b1ad000 r-xp 00000000 08:06 1189397                    /usr/lib/x86_64-linux-gnu/libstdc++.so.6.0.25
7fba5b1ad000-7fba5b3ad000 ---p 00179000 08:06 1189397                    /usr/lib/x86_64-linux-gnu/libstdc++.so.6.0.25
7fba5b3ad000-7fba5b3b7000 r--p 00179000 08:06 1189397                    /usr/lib/x86_64-linux-gnu/libstdc++.so.6.0.25
7fba5b3b7000-7fba5b3b9000 rw-p 00183000 08:06 1189397                    /usr/lib/x86_64-linux-gnu/libstdc++.so.6.0.25
7fba5b3b9000-7fba5b3bd000 rw-p 00000000 00:00 0 
7fba5b3bd000-7fba5c489000 r-xp 00000000 08:06 2498406                    /usr/lib/jvm/java-11-openjdk-amd64/lib/server/libjvm.so
7fba5c489000-7fba5c688000 ---p 010cc000 08:06 2498406                    /usr/lib/jvm/java-11-openjdk-amd64/lib/server/libjvm.so
7fba5c688000-7fba5c745000 r--p 010cb000 08:06 2498406                    /usr/lib/jvm/java-11-openjdk-amd64/lib/server/libjvm.so
7fba5c745000-7fba5c77e000 rw-p 01188000 08:06 2498406                    /usr/lib/jvm/java-11-openjdk-amd64/lib/server/libjvm.so
7fba5c77e000-7fba5c7d4000 rw-p 00000000 00:00 0 
7fba5c7d4000-7fba5c7ee000 r-xp 00000000 08:06 3937473                    /lib/x86_64-linux-gnu/libpthread-2.27.so
7fba5c7ee000-7fba5c9ed000 ---p 0001a000 08:06 3937473                    /lib/x86_64-linux-gnu/libpthread-2.27.so
7fba5c9ed000-7fba5c9ee000 r--p 00019000 08:06 3937473                    /lib/x86_64-linux-gnu/libpthread-2.27.so
7fba5c9ee000-7fba5c9ef000 rw-p 0001a000 08:06 3937473                    /lib/x86_64-linux-gnu/libpthread-2.27.so
7fba5c9ef000-7fba5c9f3000 rw-p 00000000 00:00 0 
7fba5c9f3000-7fba5c9f6000 r-xp 00000000 08:06 3937363                    /lib/x86_64-linux-gnu/libdl-2.27.so
7fba5c9f6000-7fba5cbf5000 ---p 00003000 08:06 3937363                    /lib/x86_64-linux-gnu/libdl-2.27.so
7fba5cbf5000-7fba5cbf6000 r--p 00002000 08:06 3937363                    /lib/x86_64-linux-gnu/libdl-2.27.so
7fba5cbf6000-7fba5cbf7000 rw-p 00003000 08:06 3937363                    /lib/x86_64-linux-gnu/libdl-2.27.so
7fba5cbf7000-7fba5cc13000 r-xp 00000000 08:06 3937512                    /lib/x86_64-linux-gnu/libz.so.1.2.11
7fba5cc13000-7fba5ce12000 ---p 0001c000 08:06 3937512                    /lib/x86_64-linux-gnu/libz.so.1.2.11
7fba5ce12000-7fba5ce13000 r--p 0001b000 08:06 3937512                    /lib/x86_64-linux-gnu/libz.so.1.2.11
7fba5ce13000-7fba5ce14000 rw-p 0001c000 08:06 3937512                    /lib/x86_64-linux-gnu/libz.so.1.2.11
7fba5ce14000-7fba5cffb000 r-xp 00000000 08:06 3937340                    /lib/x86_64-linux-gnu/libc-2.27.so
7fba5cffb000-7fba5d1fb000 ---p 001e7000 08:06 3937340                    /lib/x86_64-linux-gnu/libc-2.27.so
7fba5d1fb000-7fba5d1ff000 r--p 001e7000 08:06 3937340                    /lib/x86_64-linux-gnu/libc-2.27.so
7fba5d1ff000-7fba5d201000 rw-p 001eb000 08:06 3937340                    /lib/x86_64-linux-gnu/libc-2.27.so
7fba5d201000-7fba5d205000 rw-p 00000000 00:00 0 
7fba5d205000-7fba5d215000 r-xp 00000000 08:06 2498363                    /usr/lib/jvm/java-11-openjdk-amd64/lib/jli/libjli.so
7fba5d215000-7fba5d414000 ---p 00010000 08:06 2498363                    /usr/lib/jvm/java-11-openjdk-amd64/lib/jli/libjli.so
7fba5d414000-7fba5d415000 r--p 0000f000 08:06 2498363                    /usr/lib/jvm/java-11-openjdk-amd64/lib/jli/libjli.so
7fba5d415000-7fba5d416000 rw-p 00010000 08:06 2498363                    /usr/lib/jvm/java-11-openjdk-amd64/lib/jli/libjli.so
7fba5d416000-7fba5d43d000 r-xp 00000000 08:06 3937312                    /lib/x86_64-linux-gnu/ld-2.27.so
7fba5d4b1000-7fba5d51c000 rw-p 00000000 00:00 0 
7fba5d51c000-7fba5d523000 ---p 00000000 00:00 0 
7fba5d523000-7fba5d527000 ---p 00000000 00:00 0 
7fba5d527000-7fba5d626000 rw-p 00000000 00:00 0 
7fba5d62f000-7fba5d631000 r--s 00007000 08:06 1585218                    /usr/share/java/java-atk-wrapper.jar
7fba5d631000-7fba5d639000 rw-s 00000000 08:06 3934420                    /tmp/hsperfdata_vampi/7069
7fba5d639000-7fba5d63a000 ---p 00000000 00:00 0 
7fba5d63a000-7fba5d63b000 r--p 00000000 00:00 0 
7fba5d63b000-7fba5d63d000 rw-p 00000000 00:00 0 
7fba5d63d000-7fba5d63e000 r--p 00027000 08:06 3937312                    /lib/x86_64-linux-gnu/ld-2.27.so
7fba5d63e000-7fba5d63f000 rw-p 00028000 08:06 3937312                    /lib/x86_64-linux-gnu/ld-2.27.so
7fba5d63f000-7fba5d640000 rw-p 00000000 00:00 0 
7ffcda183000-7ffcda1a4000 rw-p 00000000 00:00 0                          [stack]
7ffcda1ab000-7ffcda1ae000 r--p 00000000 00:00 0                          [vvar]
7ffcda1ae000-7ffcda1af000 r-xp 00000000 00:00 0                          [vdso]
ffffffffff600000-ffffffffff601000 r-xp 00000000 00:00 0                  [vsyscall]


VM Arguments:
jvm_args: -DentityExpansionLimit=2147480000 -DtotalEntitySizeLimit=2147480000 -Djdk.xml.totalEntitySizeLimit=2147480000 -Xms4096m -Xmx4096m -Dfile.encoding=UTF-8 
java_command: com.iiith.wikisearch.WikiIndex /media/vampi/New Volume/enwiki-latest-pages-articles.xml /media/vampi/New Volume/index
java_class_path (initial): /home/vampi/Desktop/Mini_Project/2019900004/2019900004_SRC/bin
Launcher Type: SUN_STANDARD

[Global flags]
     intx CICompilerCount                          = 3                                         {product} {ergonomic}
     uint ConcGCThreads                            = 1                                         {product} {ergonomic}
     uint G1ConcRefinementThreads                  = 4                                         {product} {ergonomic}
   size_t G1HeapRegionSize                         = 2097152                                   {product} {ergonomic}
    uintx GCDrainStackTargetSize                   = 64                                        {product} {ergonomic}
   size_t InitialHeapSize                          = 4294967296                                {product} {command line}
   size_t MarkStackSize                            = 4194304                                   {product} {ergonomic}
   size_t MaxHeapSize                              = 4294967296                                {product} {command line}
   size_t MinHeapDeltaBytes                        = 2097152                                   {product} {ergonomic}
    uintx NonNMethodCodeHeapSize                   = 5830092                                {pd product} {ergonomic}
    uintx NonProfiledCodeHeapSize                  = 122914074                              {pd product} {ergonomic}
    uintx ProfiledCodeHeapSize                     = 122914074                              {pd product} {ergonomic}
    uintx ReservedCodeCacheSize                    = 251658240                              {pd product} {ergonomic}
     bool SegmentedCodeCache                       = true                                      {product} {ergonomic}
     bool UseCompressedClassPointers               = true                                 {lp64_product} {ergonomic}
     bool UseCompressedOops                        = true                                 {lp64_product} {ergonomic}
     bool UseG1GC                                  = true                                      {product} {ergonomic}

Logging:
Log output configuration:
 #0: stdout all=warning uptime,level,tags
 #1: stderr all=off uptime,level,tags

Environment Variables:
PATH=/usr/local/sbin:/usr/local/bin:/usr/sbin:/usr/bin:/sbin:/bin:/usr/games:/usr/local/games:/snap/bin
USERNAME=vampi
SHELL=/bin/bash
DISPLAY=:0

Signal Handlers:
SIGSEGV: [libjvm.so+0xde5f50], sa_mask[0]=11111111011111111101111111111110, sa_flags=SA_RESTART|SA_SIGINFO
SIGBUS: [libjvm.so+0xde5f50], sa_mask[0]=11111111011111111101111111111110, sa_flags=SA_RESTART|SA_SIGINFO
SIGFPE: [libjvm.so+0xde5f50], sa_mask[0]=11111111011111111101111111111110, sa_flags=SA_RESTART|SA_SIGINFO
SIGPIPE: [libjvm.so+0xbba5b0], sa_mask[0]=11111111011111111101111111111110, sa_flags=SA_RESTART|SA_SIGINFO
SIGXFSZ: [libjvm.so+0xbba5b0], sa_mask[0]=11111111011111111101111111111110, sa_flags=SA_RESTART|SA_SIGINFO
SIGILL: [libjvm.so+0xde5f50], sa_mask[0]=11111111011111111101111111111110, sa_flags=SA_RESTART|SA_SIGINFO
SIGUSR2: [libjvm.so+0xbba450], sa_mask[0]=00100000000000000000000000000000, sa_flags=SA_RESTART|SA_SIGINFO
SIGHUP: SIG_DFL, sa_mask[0]=00000000000000000000000000000000, sa_flags=none
SIGINT: SIG_DFL, sa_mask[0]=00000000000000000000000000000000, sa_flags=none
SIGTERM: SIG_DFL, sa_mask[0]=00000000000000000000000000000000, sa_flags=none
SIGQUIT: SIG_DFL, sa_mask[0]=00000000000000000000000000000000, sa_flags=none


---------------  S Y S T E M  ---------------

OS:DISTRIB_ID=Ubuntu
DISTRIB_RELEASE=18.04
DISTRIB_CODENAME=bionic
DISTRIB_DESCRIPTION="Ubuntu 18.04.3 LTS"
uname:Linux 5.0.0-27-generic #28~18.04.1-Ubuntu SMP Thu Aug 22 03:00:32 UTC 2019 x86_64
libc:glibc 2.27 NPTL 2.27 
rlimit: STACK 8192k, CORE 0k, NPROC 14985, NOFILE 65535, AS infinity, DATA infinity, FSIZE infinity
load average:4.38 2.53 1.52

/proc/meminfo:
MemTotal:        3884048 kB
MemFree:          124680 kB
MemAvailable:     405972 kB
Buffers:           88644 kB
Cached:           845068 kB
SwapCached:         3016 kB
Active:          2438228 kB
Inactive:         924472 kB
Active(anon):    2194700 kB
Inactive(anon):   725244 kB
Active(file):     243528 kB
Inactive(file):   199228 kB
Unevictable:       37716 kB
Mlocked:              16 kB
SwapTotal:       2097148 kB
SwapFree:        2054896 kB
Dirty:              3864 kB
Writeback:             0 kB
AnonPages:       2464060 kB
Mapped:           505764 kB
Shmem:            490592 kB
KReclaimable:     123128 kB
Slab:             185544 kB
SReclaimable:     123128 kB
SUnreclaim:        62416 kB
KernelStack:       16208 kB
PageTables:        81276 kB
NFS_Unstable:          0 kB
Bounce:                0 kB
WritebackTmp:          0 kB
CommitLimit:     4039172 kB
Committed_AS:   10215676 kB
VmallocTotal:   34359738367 kB
VmallocUsed:           0 kB
VmallocChunk:          0 kB
Percpu:             1168 kB
HardwareCorrupted:     0 kB
AnonHugePages:         0 kB
ShmemHugePages:        0 kB
ShmemPmdMapped:        0 kB
CmaTotal:              0 kB
CmaFree:               0 kB
HugePages_Total:       0
HugePages_Free:        0
HugePages_Rsvd:        0
HugePages_Surp:        0
Hugepagesize:       2048 kB
Hugetlb:               0 kB
DirectMap4k:      568064 kB
DirectMap2M:     3471360 kB


/proc/sys/kernel/threads-max (system-wide limit on the number of threads):
29970


/proc/sys/vm/max_map_count (maximum number of memory map areas a process may have):
65530


/proc/sys/kernel/pid_max (system-wide limit on number of process identifiers):
32768



container (cgroup) information:
container_type: cgroupv1
cpu_cpuset_cpus: 0-3
cpu_memory_nodes: 0
active_processor_count: 4
cpu_quota: -1
cpu_period: 100000
cpu_shares: -1
memory_limit_in_bytes: -1
memory_and_swap_limit_in_bytes: -2
memory_soft_limit_in_bytes: -1
memory_usage_in_bytes: 3482300416
memory_max_usage_in_bytes: 1117810688

Steal ticks since vm start: 0
Steal ticks percentage since vm start:  0.000

CPU:total 4 (initial active 4) (4 cores per cpu, 1 threads per core) family 6 model 76 stepping 4, cmov, cx8, fxsr, mmx, sse, sse2, sse3, ssse3, sse4.1, sse4.2, popcnt, aes, clmul, erms, 3dnowpref, tsc, tscinvbit
CPU Model and flags from /proc/cpuinfo:
model name	: Intel(R) Pentium(R) CPU  N3710  @ 1.60GHz
flags		: fpu vme de pse tsc msr pae mce cx8 apic sep mtrr pge mca cmov pat pse36 clflush dts acpi mmx fxsr sse sse2 ss ht tm pbe syscall nx rdtscp lm constant_tsc arch_perfmon pebs bts rep_good nopl xtopology tsc_reliable nonstop_tsc cpuid aperfmperf tsc_known_freq pni pclmulqdq dtes64 monitor ds_cpl vmx est tm2 ssse3 cx16 xtpr pdcm sse4_1 sse4_2 movbe popcnt tsc_deadline_timer aes rdrand lahf_lm 3dnowprefetch epb pti ibrs ibpb stibp tpr_shadow vnmi flexpriority ept vpid tsc_adjust smep erms dtherm ida arat md_clear

Memory: 4k page, physical 3884048k(124680k free), swap 2097148k(2054896k free)

vm_info: OpenJDK 64-Bit Server VM (11.0.4+11-post-Ubuntu-1ubuntu218.04.3) for linux-amd64 JRE (11.0.4+11-post-Ubuntu-1ubuntu218.04.3), built on Jul 18 2019 18:21:46 by "buildd" with gcc 7.4.0

END.
